<?xml version="1.0" encoding="UTF-8"?>
<!-- Generated by org.testng.reporters.JUnitXMLReporter -->
<testsuite hostname="RAKESHKUMAR" ignored="0" name="Dependency test" tests="3" failures="1" timestamp="09 May 2019 18:09:30 GMT" time="0.01" errors="0">
  <testcase name="doRegistration" time="0.002" classname="testCases.TestCase3">
    <failure type="java.lang.AssertionError" message="Registration failed">
      <![CDATA[java.lang.AssertionError: Registration failed
at testCases.TestCase3.doRegistration(TestCase3.java:11)
... Removed 26 stack frames]]>
    </failure>
  </testcase> <!-- doRegistration -->
  <testcase name="doLogin" time="0.0" classname="testCases.TestCase3">
    <skipped/>
  </testcase> <!-- doLogin -->
  <testcase name="thirdTest" time="0.001" classname="testCases.TestCase3"/>
</testsuite> <!-- Dependency test -->
