<?xml version="1.0" encoding="UTF-8"?>
<!-- Generated by org.testng.reporters.JUnitXMLReporter -->
<testsuite hostname="RAKESHKUMAR" ignored="0" name="Title verification" tests="1" failures="1" timestamp="09 May 2019 18:09:30 GMT" time="0.015" errors="0">
  <testcase name="doVerification" time="0.01" classname="testCases.TestCase2">
    <failure type="java.lang.AssertionError" message="The following asserts failed:
	expected [false] but found [true],
	expected [true] but found [false],
	expected [false] but found [true]">
      <![CDATA[java.lang.AssertionError: The following asserts failed:
expected [false] but found [true],
expected [true] but found [false],
expected [false] but found [true]
at testCases.TestCase2.doVerification(TestCase2.java:24)
... Removed 26 stack frames]]>
    </failure>
  </testcase> <!-- doVerification -->
</testsuite> <!-- Title verification -->
