<?xml version="1.0" encoding="UTF-8"?>
<!-- Generated by org.testng.reporters.JUnitXMLReporter -->
<testsuite hostname="RAKESHKUMAR" ignored="0" name="Add Customer Test" tests="3" failures="0" timestamp="18 Jun 2019 02:06:25 GMT" time="17.959" errors="0">
  <testcase name="addCustomerTest" time="13.891" classname="com.rakesh.suite.bankmanager.testcases.AddCustomerTest"/>
  <testcase name="addCustomerTest" time="17.129" classname="com.rakesh.suite.bankmanager.testcases.AddCustomerTest"/>
  <testcase name="addCustomerTest" time="17.167" classname="com.rakesh.suite.bankmanager.testcases.AddCustomerTest"/>
</testsuite> <!-- Add Customer Test -->
