<?xml version="1.0" encoding="UTF-8"?>
<!-- Generated by org.testng.reporters.JUnitXMLReporter -->
<testsuite hostname="RAKESHKUMAR" ignored="0" name="Add Customer Test" tests="3" failures="0" timestamp="12 Jun 2019 18:12:54 GMT" time="13.092" errors="0">
  <testcase name="addCustomerTest" time="11.404" classname="com.rakesh.suite.bankmanager.testcases.AddCustomerTest"/>
  <testcase name="addCustomerTest" time="12.446" classname="com.rakesh.suite.bankmanager.testcases.AddCustomerTest"/>
  <testcase name="addCustomerTest" time="12.47" classname="com.rakesh.suite.bankmanager.testcases.AddCustomerTest"/>
</testsuite> <!-- Add Customer Test -->
