<?xml version="1.0" encoding="UTF-8"?>
<!-- Generated by org.testng.reporters.JUnitXMLReporter -->
<testsuite hostname="RAKESHKUMAR" ignored="0" name="Open Account Test" tests="3" failures="0" timestamp="18 Jun 2019 02:06:25 GMT" time="17.977" errors="0">
  <testcase name="openAccountTest" time="13.372" classname="com.rakesh.suite.bankmanager.testcases.OpenAccountTest"/>
  <testcase name="openAccountTest" time="14.38" classname="com.rakesh.suite.bankmanager.testcases.OpenAccountTest"/>
  <testcase name="openAccountTest" time="17.134" classname="com.rakesh.suite.bankmanager.testcases.OpenAccountTest"/>
</testsuite> <!-- Open Account Test -->
