<?xml version="1.0" encoding="UTF-8"?>
<!-- Generated by org.testng.reporters.JUnitXMLReporter -->
<testsuite hostname="RAKESHKUMAR" ignored="0" name="Open Account Test" tests="3" failures="0" timestamp="12 Jun 2019 18:12:54 GMT" time="13.145" errors="0">
  <testcase name="openAccountTest" time="10.824" classname="com.rakesh.suite.bankmanager.testcases.OpenAccountTest"/>
  <testcase name="openAccountTest" time="11.093" classname="com.rakesh.suite.bankmanager.testcases.OpenAccountTest"/>
  <testcase name="openAccountTest" time="12.585" classname="com.rakesh.suite.bankmanager.testcases.OpenAccountTest"/>
</testsuite> <!-- Open Account Test -->
