<?xml version="1.0" encoding="UTF-8"?>
<!-- Generated by org.testng.reporters.JUnitXMLReporter -->
<testsuite hostname="RAKESHKUMAR" ignored="0" name="Open Account Test" tests="3" failures="0" timestamp="31 May 2019 02:02:18 GMT" time="0.119" errors="0">
  <testcase name="openAccountTest" time="0.027" classname="com.rakesh.suite.customer.testcases.OpenAccountTest">
    <skipped/>
  </testcase> <!-- openAccountTest -->
  <testcase name="openAccountTest" time="0.038" classname="com.rakesh.suite.customer.testcases.OpenAccountTest">
    <skipped/>
  </testcase> <!-- openAccountTest -->
  <testcase name="openAccountTest" time="0.029" classname="com.rakesh.suite.customer.testcases.OpenAccountTest">
    <skipped/>
  </testcase> <!-- openAccountTest -->
</testsuite> <!-- Open Account Test -->
