<?xml version="1.0" encoding="UTF-8"?>
<!-- Generated by org.testng.reporters.JUnitXMLReporter -->
<testsuite hostname="RAKESHKUMAR" ignored="0" name="Flight search test" tests="1" failures="1" timestamp="11 Aug 2019 23:37:30 GMT" time="208.889" errors="0">
  <testcase name="searchFlight" time="208.872" classname="com.rakesh.testcases.FlightSearch">
    <failure type="java.lang.AssertionError" message="expected [8] but found [7]">
      <![CDATA[java.lang.AssertionError: expected [8] but found [7]
	at com.rakesh.errorcollectors.ErrorCollector.assertEquals(ErrorCollector.java:38)
	at com.rakesh.errorcollectors.ErrorCollector.verifyEquals(ErrorCollector.java:102)
	at com.rakesh.testcases.FlightSearch.searchFlight(FlightSearch.java:24)
... Removed 30 stack frames]]>
    </failure>
  </testcase> <!-- searchFlight -->
</testsuite> <!-- Flight search test -->
