<?xml version="1.0" encoding="UTF-8"?>
<testng-results skipped="2" failed="0" ignored="0" total="2" passed="0">
  <reporter-output>
  </reporter-output>
  <suite name="Default suite" duration-ms="664" started-at="2019-05-31T20:29:20Z" finished-at="2019-05-31T20:29:21Z">
    <groups>
    </groups>
    <test name="Default test" duration-ms="664" started-at="2019-05-31T20:29:20Z" finished-at="2019-05-31T20:29:21Z">
      <class name="com.rakesh.suite.customer.testcases.AddCustomerTest">
        <test-method status="SKIP" signature="addCustomerTest(java.util.Hashtable)[pri:0, instance:com.rakesh.suite.customer.testcases.AddCustomerTest@7f9a81e8]" name="addCustomerTest" duration-ms="84" started-at="2019-05-31T20:29:21Z" data-provider="CustomerDP" finished-at="2019-05-31T20:29:21Z">
          <params>
            <param index="0">
              <value>
                <![CDATA[{postcode=34322.0, Runmode=Y, lastname=Kumar, firstname=Rakesh}]]>
              </value>
            </param>
          </params>
          <exception class="org.testng.SkipException">
            <message>
              <![CDATA[Skipping the test case AddCustomerTest, as the run mode for the test suite CustomerSuite is NO]]>
            </message>
            <full-stacktrace>
              <![CDATA[org.testng.SkipException: Skipping the test case AddCustomerTest, as the run mode for the test suite CustomerSuite is NO
at com.rakesh.utilities.DataUtil.checkExecution(DataUtil.java:13)
at com.rakesh.suite.customer.testcases.AddCustomerTest.addCustomerTest(AddCustomerTest.java:19)
at sun.reflect.NativeMethodAccessorImpl.invoke0(Native Method)
at sun.reflect.NativeMethodAccessorImpl.invoke(NativeMethodAccessorImpl.java:62)
at sun.reflect.DelegatingMethodAccessorImpl.invoke(DelegatingMethodAccessorImpl.java:43)
at java.lang.reflect.Method.invoke(Method.java:498)
at org.testng.internal.MethodInvocationHelper.invokeMethod(MethodInvocationHelper.java:124)
at org.testng.internal.Invoker.invokeMethod(Invoker.java:580)
at org.testng.internal.Invoker.invokeTestMethod(Invoker.java:716)
at org.testng.internal.Invoker.invokeTestMethods(Invoker.java:988)
at org.testng.internal.TestMethodWorker.invokeTestMethods(TestMethodWorker.java:125)
at org.testng.internal.TestMethodWorker.run(TestMethodWorker.java:109)
at org.testng.TestRunner.privateRun(TestRunner.java:648)
at org.testng.TestRunner.run(TestRunner.java:505)
at org.testng.SuiteRunner.runTest(SuiteRunner.java:455)
at org.testng.SuiteRunner.runSequentially(SuiteRunner.java:450)
at org.testng.SuiteRunner.privateRun(SuiteRunner.java:415)
at org.testng.SuiteRunner.run(SuiteRunner.java:364)
at org.testng.SuiteRunnerWorker.runSuite(SuiteRunnerWorker.java:52)
at org.testng.SuiteRunnerWorker.run(SuiteRunnerWorker.java:84)
at org.testng.TestNG.runSuitesSequentially(TestNG.java:1208)
at org.testng.TestNG.runSuitesLocally(TestNG.java:1137)
at org.testng.TestNG.runSuites(TestNG.java:1049)
at org.testng.TestNG.run(TestNG.java:1017)
at org.testng.remote.AbstractRemoteTestNG.run(AbstractRemoteTestNG.java:114)
at org.testng.remote.RemoteTestNG.initAndRun(RemoteTestNG.java:251)
at org.testng.remote.RemoteTestNG.main(RemoteTestNG.java:77)
]]>
            </full-stacktrace>
          </exception> <!-- org.testng.SkipException -->
          <reporter-output>
          </reporter-output>
        </test-method> <!-- addCustomerTest -->
        <test-method status="SKIP" signature="addCustomerTest(java.util.Hashtable)[pri:0, instance:com.rakesh.suite.customer.testcases.AddCustomerTest@7f9a81e8]" name="addCustomerTest" duration-ms="37" started-at="2019-05-31T20:29:21Z" data-provider="CustomerDP" finished-at="2019-05-31T20:29:21Z">
          <params>
            <param index="0">
              <value>
                <![CDATA[{postcode=32432.0, Runmode=N, lastname=Ahuja, firstname=Manish}]]>
              </value>
            </param>
          </params>
          <exception class="org.testng.SkipException">
            <message>
              <![CDATA[Skipping the test case AddCustomerTest, as the run mode for the test suite CustomerSuite is NO]]>
            </message>
            <full-stacktrace>
              <![CDATA[org.testng.SkipException: Skipping the test case AddCustomerTest, as the run mode for the test suite CustomerSuite is NO
at com.rakesh.utilities.DataUtil.checkExecution(DataUtil.java:13)
at com.rakesh.suite.customer.testcases.AddCustomerTest.addCustomerTest(AddCustomerTest.java:19)
at sun.reflect.NativeMethodAccessorImpl.invoke0(Native Method)
at sun.reflect.NativeMethodAccessorImpl.invoke(NativeMethodAccessorImpl.java:62)
at sun.reflect.DelegatingMethodAccessorImpl.invoke(DelegatingMethodAccessorImpl.java:43)
at java.lang.reflect.Method.invoke(Method.java:498)
at org.testng.internal.MethodInvocationHelper.invokeMethod(MethodInvocationHelper.java:124)
at org.testng.internal.Invoker.invokeMethod(Invoker.java:580)
at org.testng.internal.Invoker.invokeTestMethod(Invoker.java:716)
at org.testng.internal.Invoker.invokeTestMethods(Invoker.java:988)
at org.testng.internal.TestMethodWorker.invokeTestMethods(TestMethodWorker.java:125)
at org.testng.internal.TestMethodWorker.run(TestMethodWorker.java:109)
at org.testng.TestRunner.privateRun(TestRunner.java:648)
at org.testng.TestRunner.run(TestRunner.java:505)
at org.testng.SuiteRunner.runTest(SuiteRunner.java:455)
at org.testng.SuiteRunner.runSequentially(SuiteRunner.java:450)
at org.testng.SuiteRunner.privateRun(SuiteRunner.java:415)
at org.testng.SuiteRunner.run(SuiteRunner.java:364)
at org.testng.SuiteRunnerWorker.runSuite(SuiteRunnerWorker.java:52)
at org.testng.SuiteRunnerWorker.run(SuiteRunnerWorker.java:84)
at org.testng.TestNG.runSuitesSequentially(TestNG.java:1208)
at org.testng.TestNG.runSuitesLocally(TestNG.java:1137)
at org.testng.TestNG.runSuites(TestNG.java:1049)
at org.testng.TestNG.run(TestNG.java:1017)
at org.testng.remote.AbstractRemoteTestNG.run(AbstractRemoteTestNG.java:114)
at org.testng.remote.RemoteTestNG.initAndRun(RemoteTestNG.java:251)
at org.testng.remote.RemoteTestNG.main(RemoteTestNG.java:77)
]]>
            </full-stacktrace>
          </exception> <!-- org.testng.SkipException -->
          <reporter-output>
          </reporter-output>
        </test-method> <!-- addCustomerTest -->
      </class> <!-- com.rakesh.suite.customer.testcases.AddCustomerTest -->
    </test> <!-- Default test -->
  </suite> <!-- Default suite -->
</testng-results>
