<?xml version="1.0" encoding="UTF-8"?>
<testng-results skipped="0" failed="0" ignored="0" total="2" passed="2">
  <reporter-output>
  </reporter-output>
  <suite name="Default suite" duration-ms="486" started-at="2019-05-30T02:38:50Z" finished-at="2019-05-30T02:38:51Z">
    <groups>
    </groups>
    <test name="Default test" duration-ms="486" started-at="2019-05-30T02:38:50Z" finished-at="2019-05-30T02:38:51Z">
      <class name="com.rakesh.utilities.TestParameterization">
        <test-method status="PASS" signature="displayData(java.util.Hashtable)[pri:0, instance:com.rakesh.utilities.TestParameterization@9629756]" name="displayData" duration-ms="10" started-at="2019-05-30T02:38:51Z" data-provider="getData" finished-at="2019-05-30T02:38:51Z">
          <params>
            <param index="0">
              <value>
                <![CDATA[{postcode=34322.0, Runmode=Y, lastname=Kumar, firstname=Rakesh}]]>
              </value>
            </param>
          </params>
          <reporter-output>
          </reporter-output>
        </test-method> <!-- displayData -->
        <test-method status="PASS" signature="displayData(java.util.Hashtable)[pri:0, instance:com.rakesh.utilities.TestParameterization@9629756]" name="displayData" duration-ms="1" started-at="2019-05-30T02:38:51Z" data-provider="getData" finished-at="2019-05-30T02:38:51Z">
          <params>
            <param index="0">
              <value>
                <![CDATA[{postcode=32432.0, Runmode=N, lastname=Ahuja, firstname=Manish}]]>
              </value>
            </param>
          </params>
          <reporter-output>
          </reporter-output>
        </test-method> <!-- displayData -->
      </class> <!-- com.rakesh.utilities.TestParameterization -->
    </test> <!-- Default test -->
  </suite> <!-- Default suite -->
</testng-results>
