<?xml version="1.0" encoding="UTF-8"?>
<testng-results skipped="0" failed="0" ignored="0" total="1" passed="1">
  <reporter-output>
  </reporter-output>
  <suite name="Default suite" duration-ms="233376" started-at="2019-08-12T00:01:31Z" finished-at="2019-08-12T00:05:24Z">
    <groups>
    </groups>
    <test name="Default test" duration-ms="233376" started-at="2019-08-12T00:01:31Z" finished-at="2019-08-12T00:05:24Z">
      <class name="com.rakesh.testcases.FlightSearch">
        <test-method status="PASS" signature="searchFlight()[pri:0, instance:com.rakesh.testcases.FlightSearch@6a41eaa2]" name="searchFlight" duration-ms="233356" started-at="2019-08-11T19:01:31Z" finished-at="2019-08-11T19:05:24Z">
          <reporter-output>
          </reporter-output>
        </test-method> <!-- searchFlight -->
      </class> <!-- com.rakesh.testcases.FlightSearch -->
    </test> <!-- Default test -->
  </suite> <!-- Default suite -->
</testng-results>
