<?xml version="1.0" encoding="UTF-8"?>
<!-- Generated by org.testng.reporters.JUnitXMLReporter -->
<testsuite hostname="RAKESHKUMAR" ignored="0" name="Add Customer Test" tests="2" failures="0" timestamp="31 May 2019 02:02:18 GMT" time="0.084" errors="0">
  <testcase name="addCustomerTest" time="0.031" classname="com.rakesh.suite.bankmanager.testcases.AddCustomerTest">
    <skipped/>
  </testcase> <!-- addCustomerTest -->
  <testcase name="addCustomerTest" time="0.028" classname="com.rakesh.suite.bankmanager.testcases.AddCustomerTest">
    <skipped/>
  </testcase> <!-- addCustomerTest -->
</testsuite> <!-- Add Customer Test -->
