<?xml version="1.0" encoding="UTF-8"?>
<!-- Generated by org.testng.reporters.JUnitXMLReporter -->
<testsuite hostname="RAKESHKUMAR" ignored="0" name="Open Account Test" tests="3" failures="0" timestamp="31 May 2019 02:02:18 GMT" time="0.605" errors="0">
  <testcase name="openAccountTest" time="0.048" classname="com.rakesh.suite.bankmanager.testcases.OpenAccountTest"/>
  <testcase name="openAccountTest" time="0.039" classname="com.rakesh.suite.bankmanager.testcases.OpenAccountTest">
    <skipped/>
  </testcase> <!-- openAccountTest -->
  <testcase name="openAccountTest" time="0.027" classname="com.rakesh.suite.bankmanager.testcases.OpenAccountTest"/>
</testsuite> <!-- Open Account Test -->
