<?xml version="1.0" encoding="UTF-8"?>
<testng-results skipped="0" failed="0" ignored="0" total="6" passed="6">
  <reporter-output>
  </reporter-output>
  <suite name="BankManagerSuite" duration-ms="17977" started-at="2019-06-18T02:06:07Z" finished-at="2019-06-18T02:06:25Z">
    <groups>
    </groups>
    <test name="Add Customer Test" duration-ms="17959" started-at="2019-06-18T02:06:07Z" finished-at="2019-06-18T02:06:25Z">
      <class name="com.rakesh.suite.bankmanager.testcases.AddCustomerTest">
        <test-method status="PASS" signature="addCustomerTest(java.util.Hashtable)[pri:0, instance:com.rakesh.suite.bankmanager.testcases.AddCustomerTest@2fd66ad3]" name="addCustomerTest" duration-ms="17129" started-at="2019-06-18T02:06:07Z" data-provider="BankManagerDP" finished-at="2019-06-18T02:06:25Z">
          <params>
            <param index="0">
              <value>
                <![CDATA[{browser=firefox, postcode=34343.0, Runmode=Y, lastname=Kumar, firstname=Ram}]]>
              </value>
            </param>
          </params>
          <reporter-output>
          </reporter-output>
        </test-method> <!-- addCustomerTest -->
        <test-method status="PASS" signature="addCustomerTest(java.util.Hashtable)[pri:0, instance:com.rakesh.suite.bankmanager.testcases.AddCustomerTest@2fd66ad3]" name="addCustomerTest" duration-ms="13891" started-at="2019-06-18T02:06:07Z" data-provider="BankManagerDP" finished-at="2019-06-18T02:06:21Z">
          <params>
            <param index="0">
              <value>
                <![CDATA[{browser=chrome, postcode=34322.0, Runmode=Y, lastname=Kumar, firstname=Rakesh}]]>
              </value>
            </param>
          </params>
          <reporter-output>
          </reporter-output>
        </test-method> <!-- addCustomerTest -->
        <test-method status="PASS" signature="addCustomerTest(java.util.Hashtable)[pri:0, instance:com.rakesh.suite.bankmanager.testcases.AddCustomerTest@2fd66ad3]" name="addCustomerTest" duration-ms="17167" started-at="2019-06-18T02:06:07Z" data-provider="BankManagerDP" finished-at="2019-06-18T02:06:25Z">
          <params>
            <param index="0">
              <value>
                <![CDATA[{browser=firefox, postcode=34324.0, Runmode=Y, lastname=Ahuja, firstname=Manish}]]>
              </value>
            </param>
          </params>
          <reporter-output>
          </reporter-output>
        </test-method> <!-- addCustomerTest -->
        <test-method status="PASS" signature="tearDown()[pri:0, instance:com.rakesh.suite.bankmanager.testcases.AddCustomerTest@2fd66ad3]" name="tearDown" is-config="true" duration-ms="437" started-at="2019-06-18T02:06:21Z" finished-at="2019-06-18T02:06:22Z">
          <reporter-output>
          </reporter-output>
        </test-method> <!-- tearDown -->
        <test-method status="PASS" signature="tearDown()[pri:0, instance:com.rakesh.suite.bankmanager.testcases.AddCustomerTest@2fd66ad3]" name="tearDown" is-config="true" duration-ms="299" started-at="2019-06-18T02:06:25Z" finished-at="2019-06-18T02:06:25Z">
          <reporter-output>
          </reporter-output>
        </test-method> <!-- tearDown -->
        <test-method status="PASS" signature="tearDown()[pri:0, instance:com.rakesh.suite.bankmanager.testcases.AddCustomerTest@2fd66ad3]" name="tearDown" is-config="true" duration-ms="268" started-at="2019-06-18T02:06:25Z" finished-at="2019-06-18T02:06:25Z">
          <reporter-output>
          </reporter-output>
        </test-method> <!-- tearDown -->
      </class> <!-- com.rakesh.suite.bankmanager.testcases.AddCustomerTest -->
    </test> <!-- Add Customer Test -->
    <test name="Open Account Test" duration-ms="17977" started-at="2019-06-18T02:06:07Z" finished-at="2019-06-18T02:06:25Z">
      <class name="com.rakesh.suite.bankmanager.testcases.OpenAccountTest">
        <test-method status="PASS" signature="openAccountTest(java.util.Hashtable)[pri:0, instance:com.rakesh.suite.bankmanager.testcases.OpenAccountTest@6483f5ae]" name="openAccountTest" duration-ms="13372" started-at="2019-06-18T02:06:07Z" data-provider="BankManagerDP" finished-at="2019-06-18T02:06:21Z">
          <params>
            <param index="0">
              <value>
                <![CDATA[{currency=Pound, browser=chrome, Runmode=Y, customer=Hermoine Granger}]]>
              </value>
            </param>
          </params>
          <reporter-output>
          </reporter-output>
        </test-method> <!-- openAccountTest -->
        <test-method status="PASS" signature="openAccountTest(java.util.Hashtable)[pri:0, instance:com.rakesh.suite.bankmanager.testcases.OpenAccountTest@6483f5ae]" name="openAccountTest" duration-ms="17134" started-at="2019-06-18T02:06:07Z" data-provider="BankManagerDP" finished-at="2019-06-18T02:06:25Z">
          <params>
            <param index="0">
              <value>
                <![CDATA[{currency=Dollar, browser=firefox, Runmode=Y, customer=Ron Weasly}]]>
              </value>
            </param>
          </params>
          <reporter-output>
          </reporter-output>
        </test-method> <!-- openAccountTest -->
        <test-method status="PASS" signature="openAccountTest(java.util.Hashtable)[pri:0, instance:com.rakesh.suite.bankmanager.testcases.OpenAccountTest@6483f5ae]" name="openAccountTest" duration-ms="14380" started-at="2019-06-18T02:06:07Z" data-provider="BankManagerDP" finished-at="2019-06-18T02:06:22Z">
          <params>
            <param index="0">
              <value>
                <![CDATA[{currency=Rupee, browser=chrome, Runmode=Y, customer=Harry Potter}]]>
              </value>
            </param>
          </params>
          <reporter-output>
          </reporter-output>
        </test-method> <!-- openAccountTest -->
        <test-method status="PASS" signature="tearDown()[pri:0, instance:com.rakesh.suite.bankmanager.testcases.OpenAccountTest@6483f5ae]" name="tearDown" is-config="true" duration-ms="606" started-at="2019-06-18T02:06:21Z" finished-at="2019-06-18T02:06:21Z">
          <reporter-output>
          </reporter-output>
        </test-method> <!-- tearDown -->
        <test-method status="PASS" signature="tearDown()[pri:0, instance:com.rakesh.suite.bankmanager.testcases.OpenAccountTest@6483f5ae]" name="tearDown" is-config="true" duration-ms="458" started-at="2019-06-18T02:06:22Z" finished-at="2019-06-18T02:06:22Z">
          <reporter-output>
          </reporter-output>
        </test-method> <!-- tearDown -->
        <test-method status="PASS" signature="tearDown()[pri:0, instance:com.rakesh.suite.bankmanager.testcases.OpenAccountTest@6483f5ae]" name="tearDown" is-config="true" duration-ms="320" started-at="2019-06-18T02:06:25Z" finished-at="2019-06-18T02:06:25Z">
          <reporter-output>
          </reporter-output>
        </test-method> <!-- tearDown -->
      </class> <!-- com.rakesh.suite.bankmanager.testcases.OpenAccountTest -->
    </test> <!-- Open Account Test -->
  </suite> <!-- BankManagerSuite -->
</testng-results>
